[2017-07-04 15:11:10.034] [ERROR] log_error - dbSocket Error :Error: connect ECONNREFUSED 192.100.20.13:9251
[2017-07-04 15:11:10.046] [ERROR] log_error - jxSocket Error :Error: connect ECONNREFUSED 192.100.20.13:65001
[2017-07-04 15:11:10.050] [ERROR] log_error - lsSocket connection closed on Tue Jul 04 2017 15:11:07 GMT+0800 (CST)
[2017-07-04 15:11:10.051] [ERROR] log_error - jxSocket connection closed on Tue Jul 04 2017 15:11:07 GMT+0800 (CST)
[2017-07-04 15:11:10.052] [ERROR] log_error - dbSocket connection closed on Tue Jul 04 2017 15:11:07 GMT+0800 (CST)
[2017-07-04 15:17:00.811] [ERROR] log_error - dbSocket Error :Error: connect ECONNREFUSED 192.100.20.13:9251
[2017-07-04 15:17:00.814] [ERROR] log_error - jxSocket Error :Error: connect ECONNREFUSED 192.100.20.13:65001
[2017-07-04 15:17:00.815] [ERROR] log_error - lsSocket connection closed on Tue Jul 04 2017 15:17:00 GMT+0800 (CST)
[2017-07-04 15:17:00.816] [ERROR] log_error - jxSocket connection closed on Tue Jul 04 2017 15:17:00 GMT+0800 (CST)
[2017-07-04 15:17:00.817] [ERROR] log_error - dbSocket connection closed on Tue Jul 04 2017 15:17:00 GMT+0800 (CST)
[2017-07-04 15:17:30.825] [ERROR] log_error - dbSocket connection closed on Tue Jul 04 2017 15:17:00 GMT+0800 (CST)
[2017-07-04 15:17:30.825] [ERROR] log_error - jxSocket connection closed on Tue Jul 04 2017 15:17:00 GMT+0800 (CST)
[2017-07-04 15:17:30.825] [ERROR] log_error - lsSocket connection closed on Tue Jul 04 2017 15:17:00 GMT+0800 (CST)
[2017-07-04 15:17:51.697] [ERROR] log_error - dbSocket Error :Error: connect ECONNREFUSED 192.100.20.13:9251
[2017-07-04 15:17:51.700] [ERROR] log_error - jxSocket Error :Error: connect ECONNREFUSED 192.100.20.13:65001
[2017-07-04 15:17:51.701] [ERROR] log_error - lsSocket connection closed on Tue Jul 04 2017 15:17:51 GMT+0800 (CST)
[2017-07-04 15:17:51.702] [ERROR] log_error - jxSocket connection closed on Tue Jul 04 2017 15:17:51 GMT+0800 (CST)
[2017-07-04 15:17:51.703] [ERROR] log_error - dbSocket connection closed on Tue Jul 04 2017 15:17:51 GMT+0800 (CST)
[2017-07-04 15:18:21.720] [ERROR] log_error - dbSocket connection closed on Tue Jul 04 2017 15:17:51 GMT+0800 (CST)
[2017-07-04 15:18:21.720] [ERROR] log_error - jxSocket connection closed on Tue Jul 04 2017 15:17:51 GMT+0800 (CST)
[2017-07-04 15:18:21.720] [ERROR] log_error - lsSocket connection closed on Tue Jul 04 2017 15:17:51 GMT+0800 (CST)
[2017-07-04 15:18:51.735] [ERROR] log_error - lsSocket connection closed on Tue Jul 04 2017 15:17:51 GMT+0800 (CST)
[2017-07-04 15:18:51.736] [ERROR] log_error - jxSocket connection closed on Tue Jul 04 2017 15:17:51 GMT+0800 (CST)
[2017-07-04 15:18:51.736] [ERROR] log_error - dbSocket connection closed on Tue Jul 04 2017 15:17:51 GMT+0800 (CST)
[2017-07-04 15:19:21.730] [ERROR] log_error - lsSocket connection closed on Tue Jul 04 2017 15:17:51 GMT+0800 (CST)
[2017-07-04 15:19:21.731] [ERROR] log_error - jxSocket connection closed on Tue Jul 04 2017 15:17:51 GMT+0800 (CST)
[2017-07-04 15:19:21.733] [ERROR] log_error - dbSocket connection closed on Tue Jul 04 2017 15:17:51 GMT+0800 (CST)
[2017-07-04 15:19:21.738] [ERROR] log_error - lsSocket connection closed on Tue Jul 04 2017 15:17:51 GMT+0800 (CST)
[2017-07-04 15:19:21.738] [ERROR] log_error - jxSocket connection closed on Tue Jul 04 2017 15:17:51 GMT+0800 (CST)
[2017-07-04 15:19:21.739] [ERROR] log_error - dbSocket connection closed on Tue Jul 04 2017 15:17:51 GMT+0800 (CST)
[2017-07-04 15:19:51.750] [ERROR] log_error - dbSocket connection closed on Tue Jul 04 2017 15:17:51 GMT+0800 (CST)
[2017-07-04 15:19:51.750] [ERROR] log_error - jxSocket connection closed on Tue Jul 04 2017 15:17:51 GMT+0800 (CST)
[2017-07-04 15:19:51.760] [ERROR] log_error - lsSocket connection closed on Tue Jul 04 2017 15:17:51 GMT+0800 (CST)
[2017-07-04 15:19:51.761] [ERROR] log_error - lsSocket connection closed on Tue Jul 04 2017 15:17:51 GMT+0800 (CST)
[2017-07-04 15:19:51.761] [ERROR] log_error - jxSocket connection closed on Tue Jul 04 2017 15:17:51 GMT+0800 (CST)
[2017-07-04 15:19:51.761] [ERROR] log_error - dbSocket connection closed on Tue Jul 04 2017 15:17:51 GMT+0800 (CST)
[2017-07-04 15:20:21.731] [ERROR] log_error - lsSocket connection closed on Tue Jul 04 2017 15:17:51 GMT+0800 (CST)
[2017-07-04 15:20:21.739] [ERROR] log_error - jxSocket connection closed on Tue Jul 04 2017 15:17:51 GMT+0800 (CST)
[2017-07-04 15:20:21.739] [ERROR] log_error - dbSocket connection closed on Tue Jul 04 2017 15:17:51 GMT+0800 (CST)
[2017-07-04 15:20:21.760] [ERROR] log_error - dbSocket connection closed on Tue Jul 04 2017 15:17:51 GMT+0800 (CST)
[2017-07-04 15:20:21.761] [ERROR] log_error - jxSocket connection closed on Tue Jul 04 2017 15:17:51 GMT+0800 (CST)
[2017-07-04 15:20:21.761] [ERROR] log_error - lsSocket connection closed on Tue Jul 04 2017 15:17:51 GMT+0800 (CST)
[2017-07-04 15:20:21.762] [ERROR] log_error - lsSocket connection closed on Tue Jul 04 2017 15:17:51 GMT+0800 (CST)
[2017-07-04 15:20:21.763] [ERROR] log_error - jxSocket connection closed on Tue Jul 04 2017 15:17:51 GMT+0800 (CST)
[2017-07-04 15:20:21.771] [ERROR] log_error - dbSocket connection closed on Tue Jul 04 2017 15:17:51 GMT+0800 (CST)
[2017-07-04 15:21:01.091] [ERROR] log_error - dbSocket Error :Error: connect ECONNREFUSED 192.100.20.13:9251
[2017-07-04 15:21:01.095] [ERROR] log_error - jxSocket Error :Error: connect ECONNREFUSED 192.100.20.13:65001
[2017-07-04 15:21:01.096] [ERROR] log_error - lsSocket connection closed on Tue Jul 04 2017 15:21:00 GMT+0800 (CST)
[2017-07-04 15:21:01.097] [ERROR] log_error - jxSocket connection closed on Tue Jul 04 2017 15:21:00 GMT+0800 (CST)
[2017-07-04 15:21:01.098] [ERROR] log_error - dbSocket connection closed on Tue Jul 04 2017 15:21:00 GMT+0800 (CST)
